<?xml version="1.0" encoding="UTF-8"?>
<!-- Generated by org.testng.reporters.JUnitXMLReporter -->
<testsuite ignored="0" hostname="POOJA" failures="0" tests="5" name="Default test" time="0.086" errors="0" timestamp="2023-04-18T01:58:30 MDT">
  <testcase classname="poojajadhav.selenium_framework_design.TestNG" name="testThree" time="0.014"/>
  <testcase classname="poojajadhav.selenium_framework_design.TestNG" name="testTwo" time="0.001"/>
  <testcase classname="poojajadhav.selenium_framework_design.TestNG" name="testAive" time="0.002"/>
  <testcase classname="poojajadhav.selenium_framework_design.TestNG" name="testFour" time="0.0"/>
  <testcase classname="poojajadhav.selenium_framework_design.TestNG" name="testOne" time="0.002"/>
</testsuite> <!-- Default test -->
