<?xml version="1.0" encoding="UTF-8"?>
<testng-results ignored="0" total="5" passed="5" failed="0" skipped="0">
  <reporter-output>
  </reporter-output>
  <suite started-at="2023-04-18T01:58:30 MDT" name="Default suite" finished-at="2023-04-18T01:58:30 MDT" duration-ms="86">
    <groups>
    </groups>
    <test started-at="2023-04-18T01:58:30 MDT" name="Default test" finished-at="2023-04-18T01:58:30 MDT" duration-ms="86">
      <class name="poojajadhav.selenium_framework_design.TestNG">
        <test-method signature="testThree()[pri:-600, instance:poojajadhav.selenium_framework_design.TestNG@4b8ee4de]" started-at="2023-04-18T01:58:30 MDT" name="testThree" finished-at="2023-04-18T01:58:30 MDT" duration-ms="14" status="PASS">
          <reporter-output>
          </reporter-output>
        </test-method> <!-- testThree -->
        <test-method signature="testTwo()[pri:-500, instance:poojajadhav.selenium_framework_design.TestNG@4b8ee4de]" started-at="2023-04-18T01:58:30 MDT" name="testTwo" finished-at="2023-04-18T01:58:30 MDT" duration-ms="1" status="PASS">
          <reporter-output>
          </reporter-output>
        </test-method> <!-- testTwo -->
        <test-method signature="testAive()[pri:0, instance:poojajadhav.selenium_framework_design.TestNG@4b8ee4de]" started-at="2023-04-18T01:58:30 MDT" name="testAive" finished-at="2023-04-18T01:58:30 MDT" duration-ms="2" status="PASS">
          <reporter-output>
          </reporter-output>
        </test-method> <!-- testAive -->
        <test-method signature="testFour()[pri:0, instance:poojajadhav.selenium_framework_design.TestNG@4b8ee4de]" started-at="2023-04-18T01:58:30 MDT" name="testFour" finished-at="2023-04-18T01:58:30 MDT" duration-ms="0" status="PASS">
          <reporter-output>
          </reporter-output>
        </test-method> <!-- testFour -->
        <test-method signature="testOne()[pri:0, instance:poojajadhav.selenium_framework_design.TestNG@4b8ee4de]" started-at="2023-04-18T01:58:30 MDT" name="testOne" finished-at="2023-04-18T01:58:30 MDT" duration-ms="2" status="PASS">
          <reporter-output>
          </reporter-output>
        </test-method> <!-- testOne -->
      </class> <!-- poojajadhav.selenium_framework_design.TestNG -->
    </test> <!-- Default test -->
  </suite> <!-- Default suite -->
</testng-results>
